[debug] [2021-10-02T19:12:33.096Z] ----------------------------------------------------------------------
[debug] [2021-10-02T19:12:33.098Z] Command:       C:\Program Files\nodejs\node.exe C:\Users\angel\AppData\Roaming\npm\node_modules\firebase-tools\lib\bin\firebase.js init
[debug] [2021-10-02T19:12:33.098Z] CLI Version:   9.19.0
[debug] [2021-10-02T19:12:33.099Z] Platform:      win32
[debug] [2021-10-02T19:12:33.099Z] Node Version:  v14.17.5
[debug] [2021-10-02T19:12:33.100Z] Time:          Sat Oct 02 2021 16:12:33 GMT-0300 (hora de verano de Chile)
[debug] [2021-10-02T19:12:33.100Z] ----------------------------------------------------------------------
[debug] 
[debug] [2021-10-02T19:12:33.158Z] > command requires scopes: ["email","openid","https://www.googleapis.com/auth/cloudplatformprojects.readonly","https://www.googleapis.com/auth/firebase","https://www.googleapis.com/auth/cloud-platform"]
[debug] [2021-10-02T19:12:33.158Z] > authorizing via signed-in user (angela.valdebenito.v@gmail.com)
[info] 
     ######## #### ########  ######## ########     ###     ######  ########
     ##        ##  ##     ## ##       ##     ##  ##   ##  ##       ##
     ######    ##  ########  ######   ########  #########  ######  ######
     ##        ##  ##    ##  ##       ##     ## ##     ##       ## ##
     ##       #### ##     ## ######## ########  ##     ##  ######  ########

You're about to initialize a Firebase project in this directory:

  C:\Users\angel\OneDrive\Escritorio\desafio_2\desafio

Before we get started, keep in mind:

  * You are initializing within an existing Firebase project directory

[info] 
=== Project Setup
[info] 
[info] First, let's associate this project directory with a Firebase project.
[info] You can create multiple project aliases by running firebase use --add, 
[info] but for now we'll just set up a default project.
[info] 
[info] i  .firebaserc already has a default project, using aut-crud. 
[debug] [2021-10-02T19:12:40.186Z] > refreshing access token with scopes: []
[debug] [2021-10-02T19:12:40.186Z] >>> HTTP REQUEST POST https://www.googleapis.com/oauth2/v3/token  
 <request body omitted>
[debug] [2021-10-02T19:12:40.276Z] <<< HTTP RESPONSE 200 {"cache-control":"no-cache, no-store, max-age=0, must-revalidate","pragma":"no-cache","date":"Sat, 02 Oct 2021 19:12:40 GMT","expires":"Mon, 01 Jan 1990 00:00:00 GMT","content-type":"application/json; charset=utf-8","vary":"X-Origin, Referer, Origin,Accept-Encoding","server":"scaffolding on HTTPServer2","x-xss-protection":"0","x-frame-options":"SAMEORIGIN","x-content-type-options":"nosniff","alt-svc":"h3=\":443\"; ma=2592000,h3-29=\":443\"; ma=2592000,h3-T051=\":443\"; ma=2592000,h3-Q050=\":443\"; ma=2592000,h3-Q046=\":443\"; ma=2592000,h3-Q043=\":443\"; ma=2592000,quic=\":443\"; ma=2592000; v=\"46,43\"","accept-ranges":"none","transfer-encoding":"chunked"}
[debug] [2021-10-02T19:12:40.360Z] >>> [apiv2][query] GET https://firebase.googleapis.com/v1beta1/projects/aut-crud [none]
[debug] [2021-10-02T19:12:41.371Z] <<< [apiv2][status] GET https://firebase.googleapis.com/v1beta1/projects/aut-crud 200
[debug] [2021-10-02T19:12:41.371Z] <<< [apiv2][body] GET https://firebase.googleapis.com/v1beta1/projects/aut-crud {"projectId":"aut-crud","projectNumber":"1091341855828","displayName":"aut-CRUD","name":"projects/aut-crud","resources":{"hostingSite":"aut-crud","storageBucket":"aut-crud.appspot.com","locationId":"us-central"},"state":"ACTIVE"}
[info] 
=== Hosting Setup
[info] 
[info] Your public directory is the folder (relative to your project directory) that
[info] will contain Hosting assets to be uploaded with firebase deploy. If you
[info] have a build process for your assets, use your build's output directory.
[info] 
